\BOOKMARK [0][-]{chapter.1}{\376\377\145\160\143\156\226\306\117\177\165\050\140\305\121\265}{}% 1
\BOOKMARK [0][-]{chapter.2}{\376\377\152\041\127\213\116\313\176\315}{}% 2
\BOOKMARK [1][-]{section.2.1}{\376\377\000S\000A\000R\000I\000M\000A\152\041\127\213}{chapter.2}% 3
\BOOKMARK [1][-]{section.2.2}{\376\377\000L\000S\000T\000M\152\041\127\213}{chapter.2}% 4
\BOOKMARK [1][-]{section.2.3}{\376\377\000S\000A\000R\000I\000M\000A\000-\000L\000S\000T\000M\153\213\135\356\130\006\123\340\152\041\127\213}{chapter.2}% 5
\BOOKMARK [0][-]{chapter.3}{\376\377\200\314\146\157}{}% 6
\BOOKMARK [0][-]{chapter.4}{\376\377\145\131\200\262\123\321\134\125}{}% 7
\BOOKMARK [1][-]{section.4.1}{\376\377\215\104\221\321\142\225\121\145\143\250\122\250\171\321\142\200\122\033\145\260}{chapter.4}% 8
\BOOKMARK [2][-]{subsection.4.1.1}{\376\377\170\024\172\166\116\016\213\325\232\214\123\321\134\125\176\317\215\071\145\057\121\372\215\213\122\277}{section.4.1}% 9
\BOOKMARK [2][-]{subsection.4.1.2}{\376\377\170\024\172\166\116\016\213\325\232\214\123\321\134\125\176\317\215\071\145\057\121\372\123\140\153\324}{section.4.1}% 10
\BOOKMARK [1][-]{section.4.2}{\376\377\171\321\142\200\122\033\145\260\137\025\230\206\145\131\200\262\123\321\134\125}{chapter.4}% 11
\BOOKMARK [1][-]{section.4.3}{\376\377\171\076\117\032\123\330\227\151\143\320\117\233\215\104\221\321\142\225\121\145}{chapter.4}% 12
\BOOKMARK [0][-]{chapter.5}{\376\377\215\113\200\375\117\001\116\032\176\323\147\204\123\330\227\151}{}% 13
\BOOKMARK [1][-]{section.5.1}{\376\377\230\316\226\151\142\225\215\104\221\321\230\235\154\350\121\145\117\001\116\032\171\321\142\200\122\033\145\260}{chapter.5}% 14
\BOOKMARK [1][-]{section.5.2}{\376\377\162\354\211\322\121\175\121\154\123\370\123\321\134\125\215\213\122\277}{chapter.5}% 15
\BOOKMARK [2][-]{subsection.5.2.1}{\376\377\116\055\126\375\163\260\133\130\162\354\211\322\121\175\117\001\116\032}{section.5.2}% 16
\BOOKMARK [2][-]{subsection.5.2.2}{\376\377\116\055\126\375\145\260\146\113\162\354\211\322\121\175\117\001\116\032}{section.5.2}% 17
\BOOKMARK [1][-]{section.5.3}{\376\377\171\321\142\200\122\033\145\260\137\025\230\206\117\001\116\032\123\321\134\125}{chapter.5}% 18
\BOOKMARK [1][-]{section.5.4}{\376\377\117\001\116\032\165\037\116\247\145\260\116\247\124\301\117\303\217\333\136\002\127\072}{chapter.5}% 19
\BOOKMARK [1][-]{section.5.5}{\376\377\230\316\226\151\142\225\215\104\221\321\230\235\154\350\121\145\117\001\116\032\171\321\142\200\122\033\145\260}{chapter.5}% 20
\BOOKMARK [0][-]{chapter.6}{\376\377\134\061\116\032\176\323\147\204\166\204\217\154\127\213}{}% 21
\BOOKMARK [1][-]{section.6.1}{\376\377\122\263\122\250\165\037\116\247\163\207\116\016\131\061\116\032\116\272\145\160\163\260\162\266}{chapter.6}% 22
\BOOKMARK [1][-]{section.6.2}{\376\377\171\321\142\200\122\033\145\260\117\303\217\333\134\061\116\032\176\323\147\204\217\154\127\213}{chapter.6}% 23
\BOOKMARK [2][-]{subsection.6.2.1}{\376\377\121\150\164\003\116\272\135\345\146\172\200\375\134\227\117\115\215\213\122\277}{section.6.2}% 24
\BOOKMARK [2][-]{subsection.6.2.2}{\376\377\121\150\164\003\000A\000I\134\227\117\115\123\321\136\003\140\305\121\265}{section.6.2}% 25
\BOOKMARK [2][-]{subsection.6.2.3}{\376\377\170\024\123\321\116\272\124\130\145\160\221\317\123\330\123\026\116\016\171\321\142\200\122\033\145\260\143\250\122\250\166\204\121\163\174\373}{section.6.2}% 26
\BOOKMARK [2][-]{subsection.6.2.4}{\376\377\124\004\116\247\116\032\134\061\116\032\116\272\145\160\123\330\123\026}{section.6.2}% 27
\BOOKMARK [0][-]{chapter.7}{\376\377\126\375\226\105\137\161\124\315\122\233}{}% 28
\BOOKMARK [1][-]{section.7.1}{\376\377\171\076\117\032\123\330\227\151\116\013\166\204\145\077\136\234\143\252\145\275}{chapter.7}% 29
\BOOKMARK [1][-]{section.7.2}{\376\377\121\150\164\003\124\004\126\375\122\033\145\260\143\007\145\160}{chapter.7}% 30
\BOOKMARK [1][-]{section.7.3}{\376\377\232\330\142\200\147\057\116\247\124\301\121\372\123\343\153\324\117\213}{chapter.7}% 31
\BOOKMARK [1][-]{section.7.4}{\376\377\145\260\116\247\124\301\142\225\121\145\116\247\121\372}{chapter.7}% 32
\BOOKMARK [0][-]{chapter.8}{\376\377\176\323\213\272\124\214\134\125\147\033}{}% 33
\BOOKMARK [0][-]{chapter*.34}{\376\377\123\302\200\003\145\207\163\056}{}% 34
