\BOOKMARK [0][-]{chapter.1}{\376\377\145\160\143\156\226\306\117\177\165\050\140\305\121\265}{}% 1
\BOOKMARK [0][-]{chapter.2}{\376\377\152\041\127\213\116\313\176\315}{}% 2
\BOOKMARK [1][-]{section.2.1}{\376\377\143\007\145\160\136\163\156\321\152\041\127\213\000\050\000H\000o\000l\000t\000\051}{chapter.2}% 3
\BOOKMARK [1][-]{section.2.2}{\376\377\000L\000S\000T\000M}{chapter.2}% 4
\BOOKMARK [1][-]{section.2.3}{\376\377\000D\000L\000F}{chapter.2}% 5
\BOOKMARK [1][-]{section.2.4}{\376\377\000D\000L\000F\000-\000L\000S\000T\000M}{chapter.2}% 6
\BOOKMARK [1][-]{section.2.5}{\376\377\152\041\127\213\133\371\153\324}{chapter.2}% 7
\BOOKMARK [0][-]{chapter.3}{\376\377\200\314\146\157}{}% 8
\BOOKMARK [1][-]{section.3.1}{\376\377\116\044\117\032\116\055\166\204\116\141\147\121\123\321\134\125}{chapter.3}% 9
\BOOKMARK [1][-]{section.3.2}{\376\377\211\322\136\246\122\006\147\220}{chapter.3}% 10
\BOOKMARK [0][-]{chapter.4}{\376\377\174\256\230\337\133\211\121\150\225\356\230\230}{}% 11
\BOOKMARK [1][-]{section.4.1}{\376\377\121\234\117\134\162\151\144\255\171\315\227\142\171\357}{chapter.4}% 12
\BOOKMARK [1][-]{section.4.2}{\376\377\116\073\211\201\174\256\230\337\116\247\221\317}{chapter.4}% 13
\BOOKMARK [0][-]{chapter.5}{\376\377\171\321\142\200\217\333\153\145}{}% 14
\BOOKMARK [1][-]{section.5.1}{\376\377\171\321\142\200\133\371\116\141\147\121\121\234\116\032\166\204\123\321\134\125\166\204\137\161\124\315}{chapter.5}% 15
\BOOKMARK [2][-]{subsection.5.1.1}{\376\377\171\321\142\200\116\073\211\201\215\041\163\056}{section.5.1}% 16
\BOOKMARK [2][-]{subsection.5.1.2}{\376\377\145\160\133\127\121\234\116\032\156\027\220\017\163\207}{section.5.1}% 17
\BOOKMARK [2][-]{subsection.5.1.3}{\376\377\121\234\116\032\147\072\150\260\140\073\122\250\122\233}{section.5.1}% 18
\BOOKMARK [1][-]{section.5.2}{\376\377\171\321\142\200\133\371\116\141\147\121\134\105\154\021\165\037\155\073\166\204\137\161\124\315}{chapter.5}% 19
\BOOKMARK [0][-]{chapter.6}{\376\377\116\141\147\121\136\372\213\276}{}% 20
\BOOKMARK [1][-]{section.6.1}{\376\377\127\372\170\100\213\276\145\275\136\372\213\276}{chapter.6}% 21
\BOOKMARK [1][-]{section.6.2}{\376\377\127\372\170\100\163\257\130\203\136\372\213\276}{chapter.6}% 22
\BOOKMARK [1][-]{section.6.3}{\376\377\165\037\140\001\145\305\156\070\136\372\213\276}{chapter.6}% 23
\BOOKMARK [0][-]{chapter.7}{\376\377\121\234\154\021\165\037\155\073\154\064\136\163}{}% 24
\BOOKMARK [1][-]{section.7.1}{\376\377\121\234\147\121\134\061\116\032}{chapter.7}% 25
\BOOKMARK [2][-]{subsection.7.1.1}{\376\377\134\061\116\032\176\323\147\204\145\071\125\204}{section.7.1}% 26
\BOOKMARK [2][-]{subsection.7.1.2}{\376\377\134\061\116\032\116\272\124\130\230\204\155\113}{section.7.1}% 27
\BOOKMARK [1][-]{section.7.2}{\376\377\123\357\145\057\221\115\145\066\121\145}{chapter.7}% 28
\BOOKMARK [1][-]{section.7.3}{\376\377\127\372\147\054\165\037\155\073}{chapter.7}% 29
\BOOKMARK [1][-]{section.7.4}{\376\377\136\170\171\217\143\007\145\160}{chapter.7}% 30
\BOOKMARK [0][-]{chapter.8}{\376\377\127\316\116\141\116\272\123\343\176\323\147\204}{}% 31
\BOOKMARK [1][-]{section.8.1}{\376\377\127\316\116\141\116\272\123\343\230\204\155\113}{chapter.8}% 32
\BOOKMARK [0][-]{chapter.9}{\376\377\176\323\213\272\124\214\134\125\147\033}{}% 33
\BOOKMARK [0][-]{chapter*.46}{\376\377\123\302\200\003\145\207\163\056}{}% 34
