\BOOKMARK [0][-]{chapter.1}{\376\377\116\272\135\345\146\172\200\375\166\204\127\372\170\100\116\016\123\206\123\362\157\024\217\333}{}% 1
\BOOKMARK [1][-]{section.1.1}{\376\377\137\025\212\000}{chapter.1}% 2
\BOOKMARK [1][-]{section.1.2}{\376\377\150\070\137\303\151\202\137\365\116\016\133\232\116\111}{chapter.1}% 3
\BOOKMARK [2][-]{subsection.1.2.1}{\376\377\116\272\135\345\146\172\200\375\166\204\133\232\116\111}{section.1.2}% 4
\BOOKMARK [2][-]{subsection.1.2.2}{\376\377\137\072\116\272\135\345\146\172\200\375\116\016\137\061\116\272\135\345\146\172\200\375}{section.1.2}% 5
\BOOKMARK [2][-]{subsection.1.2.3}{\376\377\147\072\126\150\133\146\116\140\116\016\155\361\136\246\133\146\116\140\151\202\217\360}{section.1.2}% 6
\BOOKMARK [1][-]{section.1.3}{\376\377\124\362\133\146\140\035\217\250\116\016\145\351\147\037\143\242\175\042}{chapter.1}% 7
\BOOKMARK [2][-]{subsection.1.3.1}{\376\377\126\376\160\165\155\113\213\325\116\016\147\072\126\150\146\172\200\375\166\204\165\114\133\232}{section.1.3}% 8
\BOOKMARK [2][-]{subsection.1.3.2}{\376\377\217\276\162\171\203\005\145\257\117\032\213\256\116\016\116\272\135\345\146\172\200\375\166\204\213\336\165\037}{section.1.3}% 9
\BOOKMARK [2][-]{subsection.1.3.3}{\376\377\145\351\147\037\000A\000I\170\024\172\166\203\003\137\017}{section.1.3}% 10
\BOOKMARK [1][-]{section.1.4}{\376\377\000A\000I\166\204\123\321\134\125\226\066\153\265\116\016\040\034\133\322\121\254\040\035}{chapter.1}% 11
\BOOKMARK [2][-]{subsection.1.4.1}{\376\377\173\054\116\000\153\041\000A\000I\133\322\121\254\377\010\176\246\0001\0009\0007\0004\000-\0001\0009\0008\0000\136\164\377\011}{section.1.4}% 12
\BOOKMARK [2][-]{subsection.1.4.2}{\376\377\173\054\116\214\153\041\000A\000I\133\322\121\254\377\010\176\246\0001\0009\0008\0007\000-\0001\0009\0009\0003\136\164\377\011}{section.1.4}% 13
\BOOKMARK [2][-]{subsection.1.4.3}{\376\377\000A\000I\166\204\131\015\121\164\116\016\155\361\136\246\133\146\116\140\166\204\162\006\123\321}{section.1.4}% 14
\BOOKMARK [1][-]{section.1.5}{\376\377\140\073\176\323}{chapter.1}% 15
\BOOKMARK [0][-]{chapter.2}{\376\377\163\260\116\343\116\272\135\345\146\172\200\375\166\204\121\163\225\056\142\200\147\057\116\016\172\201\170\064}{}% 16
\BOOKMARK [1][-]{section.2.1}{\376\377\137\025\212\000}{chapter.2}% 17
\BOOKMARK [1][-]{section.2.2}{\376\377\147\072\126\150\133\146\116\140\203\003\137\017}{chapter.2}% 18
\BOOKMARK [2][-]{subsection.2.2.1}{\376\377\166\321\167\143\133\146\116\140}{section.2.2}% 19
\BOOKMARK [2][-]{subsection.2.2.2}{\376\377\145\340\166\321\167\143\133\146\116\140}{section.2.2}% 20
\BOOKMARK [2][-]{subsection.2.2.3}{\376\377\137\072\123\026\133\146\116\140}{section.2.2}% 21
\BOOKMARK [1][-]{section.2.3}{\376\377\155\361\136\246\133\146\116\140\166\204\135\033\215\167\116\016\136\224\165\050}{chapter.2}% 22
\BOOKMARK [2][-]{subsection.2.3.1}{\376\377\123\167\171\357\171\136\176\317\177\121\176\334\377\010\000C\000N\000N\377\011\116\016\213\241\173\227\147\072\211\306\211\311}{section.2.3}% 23
\BOOKMARK [2][-]{subsection.2.3.2}{\376\377\137\252\163\257\171\136\176\317\177\121\176\334\377\010\000R\000N\000N\377\011\116\016\225\177\167\355\147\037\213\260\137\306\177\121\176\334\377\010\000L\000S\000T\000M\377\011}{section.2.3}% 24
\BOOKMARK [2][-]{subsection.2.3.3}{\376\377\000T\000r\000a\000n\000s\000f\000o\000r\000m\000e\000r\147\266\147\204\116\016\201\352\154\350\141\017\122\233\147\072\122\066}{section.2.3}% 25
\BOOKMARK [1][-]{section.2.4}{\376\377\165\037\142\020\137\017\116\272\135\345\146\172\200\375\377\010\000G\000e\000n\000e\000r\000a\000t\000i\000v\000e\000\040\000A\000I\377\011}{chapter.2}% 26
\BOOKMARK [1][-]{section.2.5}{\376\377\131\047\127\213\213\355\212\000\152\041\127\213\377\010\000L\000L\000M\000s\377\011\166\204\121\164\215\167}{chapter.2}% 27
\BOOKMARK [1][-]{section.2.6}{\376\377\121\166\116\326\145\260\121\164\142\200\147\057}{chapter.2}% 28
\BOOKMARK [1][-]{section.2.7}{\376\377\140\073\176\323}{chapter.2}% 29
\BOOKMARK [0][-]{chapter.3}{\376\377\116\272\135\345\146\172\200\375\166\204\136\224\165\050\060\001\143\021\142\030\116\016\147\052\147\145\134\125\147\033}{}% 30
\BOOKMARK [1][-]{section.3.1}{\376\377\000A\000I\166\204\136\177\154\333\136\224\165\050}{chapter.3}% 31
\BOOKMARK [2][-]{subsection.3.1.1}{\376\377\116\247\116\032\136\224\165\050}{section.3.1}% 32
\BOOKMARK [2][-]{subsection.3.1.2}{\376\377\171\076\117\032\165\037\155\073}{section.3.1}% 33
\BOOKMARK [1][-]{section.3.2}{\376\377\117\046\164\006\060\001\171\076\117\032\116\016\154\325\137\213\143\021\142\030}{chapter.3}% 34
\BOOKMARK [2][-]{subsection.3.2.1}{\376\377\145\160\143\156\226\220\171\301\116\016\133\211\121\150}{section.3.2}% 35
\BOOKMARK [2][-]{subsection.3.2.2}{\376\377\173\227\154\325\120\117\211\301\116\016\121\154\136\163\140\047}{section.3.2}% 36
\BOOKMARK [2][-]{subsection.3.2.3}{\376\377\134\061\116\032\136\002\127\072\121\262\121\373}{section.3.2}% 37
\BOOKMARK [2][-]{subsection.3.2.4}{\376\377\117\046\164\006\220\123\137\267\116\016\215\043\116\373}{section.3.2}% 38
\BOOKMARK [2][-]{subsection.3.2.5}{\376\377\116\272\135\345\146\172\200\375\133\211\121\150}{section.3.2}% 39
\BOOKMARK [1][-]{section.3.3}{\376\377\000A\000I\154\273\164\006\116\016\145\077\173\126}{chapter.3}% 40
\BOOKMARK [2][-]{subsection.3.3.1}{\376\377\121\150\164\003\124\004\126\375\143\242\175\042\116\016\133\236\215\365}{section.3.3}% 41
\BOOKMARK [2][-]{subsection.3.3.2}{\376\377\126\375\226\105\124\010\117\134\116\016\121\150\164\003\154\273\164\006\166\204\221\315\211\201\140\047}{section.3.3}% 42
\BOOKMARK [1][-]{section.3.4}{\376\377\147\052\147\145\215\213\122\277\116\016\134\125\147\033}{chapter.3}% 43
\BOOKMARK [2][-]{subsection.3.4.1}{\376\377\220\032\165\050\116\272\135\345\146\172\200\375\377\010\000A\000G\000I\377\011\166\204\157\134\127\050\215\357\137\204\116\016\143\021\142\030}{section.3.4}% 44
\BOOKMARK [2][-]{subsection.3.4.2}{\376\377\116\272\147\072\123\117\117\134\166\204\155\361\123\026\116\016\116\272\147\072\121\161\165\037\171\076\117\032}{section.3.4}% 45
\BOOKMARK [2][-]{subsection.3.4.3}{\376\377\116\272\135\345\146\172\200\375\127\050\123\357\143\001\176\355\123\321\134\125\166\356\150\007\116\055\166\204\117\134\165\050}{section.3.4}% 46
\BOOKMARK [2][-]{subsection.3.4.4}{\376\377\133\371\116\272\174\173\171\076\117\032\147\052\147\145\123\321\134\125\166\204\155\361\217\334\137\161\124\315\116\016\124\057\171\072}{section.3.4}% 47
\BOOKMARK [0][-]{chapter*.97}{\376\377\123\302\200\003\145\207\163\056}{}% 48
